-- Found ament_cmake: 1.3.4 (/opt/ros/humble/share/ament_cmake/cmake)
-- Found Python3: /usr/bin/python3.10 (found version "3.10.6") found components: Interpreter 
-- Override CMake install command with custom implementation using symlinks instead of copying resources
-- Found ament_lint_auto: 0.12.6 (/opt/ros/humble/share/ament_lint_auto/cmake)
-- Added test 'copyright' to check source files copyright and LICENSE
-- Added test 'cppcheck' to perform static code analysis on C / C++ code
-- Configured cppcheck include dirs: 
-- Configured cppcheck exclude dirs and/or files: 
-- Added test 'cpplint' to check C / C++ code against the Google style
-- Configured cpplint exclude dirs and/or files: 
-- Added test 'flake8' to check Python code syntax and style conventions
-- Added test 'lint_cmake' to check CMake code style
-- Added test 'pep257' to check Python code against some of the docstring style conventions in PEP 257
-- Added test 'uncrustify' to check C / C++ code style
-- Configured uncrustify additional arguments: 
-- Added test 'xmllint' to check XML markup files
-- Configuring done
-- Generating done
-- Build files have been written to: /home/gitmeriz/Desktop/Robotika/mobile_robot_alfa/build/mobile_robot_alfa
-- Install configuration: ""
-- Execute custom install script
-- Symlinking: /home/gitmeriz/Desktop/Robotika/mobile_robot_alfa/install/mobile_robot_alfa/share/mobile_robot_alfa/config/empty.yaml
-- Symlinking: /home/gitmeriz/Desktop/Robotika/mobile_robot_alfa/install/mobile_robot_alfa/share/mobile_robot_alfa/description/robot.urdf.xacro
-- Symlinking: /home/gitmeriz/Desktop/Robotika/mobile_robot_alfa/install/mobile_robot_alfa/share/mobile_robot_alfa/launch/rsp.launch.py
-- Symlinking: /home/gitmeriz/Desktop/Robotika/mobile_robot_alfa/install/mobile_robot_alfa/share/mobile_robot_alfa/worlds/empty.world
-- Symlinking: /home/gitmeriz/Desktop/Robotika/mobile_robot_alfa/install/mobile_robot_alfa/share/ament_index/resource_index/package_run_dependencies/mobile_robot_alfa
-- Symlinking: /home/gitmeriz/Desktop/Robotika/mobile_robot_alfa/install/mobile_robot_alfa/share/ament_index/resource_index/parent_prefix_path/mobile_robot_alfa
-- Symlinking: /home/gitmeriz/Desktop/Robotika/mobile_robot_alfa/install/mobile_robot_alfa/share/mobile_robot_alfa/environment/ament_prefix_path.sh
-- Symlinking: /home/gitmeriz/Desktop/Robotika/mobile_robot_alfa/install/mobile_robot_alfa/share/mobile_robot_alfa/environment/ament_prefix_path.dsv
-- Symlinking: /home/gitmeriz/Desktop/Robotika/mobile_robot_alfa/install/mobile_robot_alfa/share/mobile_robot_alfa/environment/path.sh
-- Symlinking: /home/gitmeriz/Desktop/Robotika/mobile_robot_alfa/install/mobile_robot_alfa/share/mobile_robot_alfa/environment/path.dsv
-- Symlinking: /home/gitmeriz/Desktop/Robotika/mobile_robot_alfa/install/mobile_robot_alfa/share/mobile_robot_alfa/local_setup.bash
-- Symlinking: /home/gitmeriz/Desktop/Robotika/mobile_robot_alfa/install/mobile_robot_alfa/share/mobile_robot_alfa/local_setup.sh
-- Symlinking: /home/gitmeriz/Desktop/Robotika/mobile_robot_alfa/install/mobile_robot_alfa/share/mobile_robot_alfa/local_setup.zsh
-- Symlinking: /home/gitmeriz/Desktop/Robotika/mobile_robot_alfa/install/mobile_robot_alfa/share/mobile_robot_alfa/local_setup.dsv
-- Symlinking: /home/gitmeriz/Desktop/Robotika/mobile_robot_alfa/install/mobile_robot_alfa/share/mobile_robot_alfa/package.dsv
-- Symlinking: /home/gitmeriz/Desktop/Robotika/mobile_robot_alfa/install/mobile_robot_alfa/share/ament_index/resource_index/packages/mobile_robot_alfa
-- Symlinking: /home/gitmeriz/Desktop/Robotika/mobile_robot_alfa/install/mobile_robot_alfa/share/mobile_robot_alfa/cmake/mobile_robot_alfaConfig.cmake
-- Symlinking: /home/gitmeriz/Desktop/Robotika/mobile_robot_alfa/install/mobile_robot_alfa/share/mobile_robot_alfa/cmake/mobile_robot_alfaConfig-version.cmake
-- Symlinking: /home/gitmeriz/Desktop/Robotika/mobile_robot_alfa/install/mobile_robot_alfa/share/mobile_robot_alfa/package.xml
