[0.009s] Invoking command in '/home/gitmeriz/Desktop/Robotika/mobile_robot_alfa/build/mobile_robot_alfa': CMAKE_PREFIX_PATH=/opt/ros/humble /usr/bin/cmake /home/gitmeriz/Desktop/Robotika/mobile_robot_alfa -DAMENT_CMAKE_SYMLINK_INSTALL=1 -DCMAKE_INSTALL_PREFIX=/home/gitmeriz/Desktop/Robotika/mobile_robot_alfa/install/mobile_robot_alfa
[0.019s] -- Found ament_cmake: 1.3.4 (/opt/ros/humble/share/ament_cmake/cmake)
[0.121s] -- Found Python3: /usr/bin/python3.10 (found version "3.10.6") found components: Interpreter 
[0.158s] -- Override CMake install command with custom implementation using symlinks instead of copying resources
[0.171s] -- Found ament_lint_auto: 0.12.6 (/opt/ros/humble/share/ament_lint_auto/cmake)
[0.218s] -- Added test 'copyright' to check source files copyright and LICENSE
[0.223s] -- Added test 'cppcheck' to perform static code analysis on C / C++ code
[0.223s] -- Configured cppcheck include dirs: 
[0.223s] -- Configured cppcheck exclude dirs and/or files: 
[0.227s] -- Added test 'cpplint' to check C / C++ code against the Google style
[0.227s] -- Configured cpplint exclude dirs and/or files: 
[0.228s] -- Added test 'flake8' to check Python code syntax and style conventions
[0.229s] -- Added test 'lint_cmake' to check CMake code style
[0.230s] -- Added test 'pep257' to check Python code against some of the docstring style conventions in PEP 257
[0.234s] -- Added test 'uncrustify' to check C / C++ code style
[0.234s] -- Configured uncrustify additional arguments: 
[0.234s] -- Added test 'xmllint' to check XML markup files
[0.235s] -- Configuring done
[0.237s] -- Generating done
[0.237s] -- Build files have been written to: /home/gitmeriz/Desktop/Robotika/mobile_robot_alfa/build/mobile_robot_alfa
[0.239s] Invoked command in '/home/gitmeriz/Desktop/Robotika/mobile_robot_alfa/build/mobile_robot_alfa' returned '0': CMAKE_PREFIX_PATH=/opt/ros/humble /usr/bin/cmake /home/gitmeriz/Desktop/Robotika/mobile_robot_alfa -DAMENT_CMAKE_SYMLINK_INSTALL=1 -DCMAKE_INSTALL_PREFIX=/home/gitmeriz/Desktop/Robotika/mobile_robot_alfa/install/mobile_robot_alfa
[0.241s] Invoking command in '/home/gitmeriz/Desktop/Robotika/mobile_robot_alfa/build/mobile_robot_alfa': CMAKE_PREFIX_PATH=/opt/ros/humble /usr/bin/cmake --build /home/gitmeriz/Desktop/Robotika/mobile_robot_alfa/build/mobile_robot_alfa -- -j16 -l16
[0.262s] Invoked command in '/home/gitmeriz/Desktop/Robotika/mobile_robot_alfa/build/mobile_robot_alfa' returned '0': CMAKE_PREFIX_PATH=/opt/ros/humble /usr/bin/cmake --build /home/gitmeriz/Desktop/Robotika/mobile_robot_alfa/build/mobile_robot_alfa -- -j16 -l16
[0.278s] Invoking command in '/home/gitmeriz/Desktop/Robotika/mobile_robot_alfa/build/mobile_robot_alfa': CMAKE_PREFIX_PATH=/opt/ros/humble /usr/bin/cmake --install /home/gitmeriz/Desktop/Robotika/mobile_robot_alfa/build/mobile_robot_alfa
[0.281s] -- Install configuration: ""
[0.282s] -- Execute custom install script
[0.282s] -- Symlinking: /home/gitmeriz/Desktop/Robotika/mobile_robot_alfa/install/mobile_robot_alfa/share/mobile_robot_alfa/config/empty.yaml
[0.286s] -- Symlinking: /home/gitmeriz/Desktop/Robotika/mobile_robot_alfa/install/mobile_robot_alfa/share/mobile_robot_alfa/description/robot.urdf.xacro
[0.290s] -- Symlinking: /home/gitmeriz/Desktop/Robotika/mobile_robot_alfa/install/mobile_robot_alfa/share/mobile_robot_alfa/launch/rsp.launch.py
[0.294s] -- Symlinking: /home/gitmeriz/Desktop/Robotika/mobile_robot_alfa/install/mobile_robot_alfa/share/mobile_robot_alfa/worlds/empty.world
[0.299s] -- Symlinking: /home/gitmeriz/Desktop/Robotika/mobile_robot_alfa/install/mobile_robot_alfa/share/ament_index/resource_index/package_run_dependencies/mobile_robot_alfa
[0.303s] -- Symlinking: /home/gitmeriz/Desktop/Robotika/mobile_robot_alfa/install/mobile_robot_alfa/share/ament_index/resource_index/parent_prefix_path/mobile_robot_alfa
[0.307s] -- Symlinking: /home/gitmeriz/Desktop/Robotika/mobile_robot_alfa/install/mobile_robot_alfa/share/mobile_robot_alfa/environment/ament_prefix_path.sh
[0.311s] -- Symlinking: /home/gitmeriz/Desktop/Robotika/mobile_robot_alfa/install/mobile_robot_alfa/share/mobile_robot_alfa/environment/ament_prefix_path.dsv
[0.315s] -- Symlinking: /home/gitmeriz/Desktop/Robotika/mobile_robot_alfa/install/mobile_robot_alfa/share/mobile_robot_alfa/environment/path.sh
[0.319s] -- Symlinking: /home/gitmeriz/Desktop/Robotika/mobile_robot_alfa/install/mobile_robot_alfa/share/mobile_robot_alfa/environment/path.dsv
[0.323s] -- Symlinking: /home/gitmeriz/Desktop/Robotika/mobile_robot_alfa/install/mobile_robot_alfa/share/mobile_robot_alfa/local_setup.bash
[0.327s] -- Symlinking: /home/gitmeriz/Desktop/Robotika/mobile_robot_alfa/install/mobile_robot_alfa/share/mobile_robot_alfa/local_setup.sh
[0.331s] -- Symlinking: /home/gitmeriz/Desktop/Robotika/mobile_robot_alfa/install/mobile_robot_alfa/share/mobile_robot_alfa/local_setup.zsh
[0.335s] -- Symlinking: /home/gitmeriz/Desktop/Robotika/mobile_robot_alfa/install/mobile_robot_alfa/share/mobile_robot_alfa/local_setup.dsv
[0.340s] -- Symlinking: /home/gitmeriz/Desktop/Robotika/mobile_robot_alfa/install/mobile_robot_alfa/share/mobile_robot_alfa/package.dsv
[0.344s] -- Symlinking: /home/gitmeriz/Desktop/Robotika/mobile_robot_alfa/install/mobile_robot_alfa/share/ament_index/resource_index/packages/mobile_robot_alfa
[0.348s] -- Symlinking: /home/gitmeriz/Desktop/Robotika/mobile_robot_alfa/install/mobile_robot_alfa/share/mobile_robot_alfa/cmake/mobile_robot_alfaConfig.cmake
[0.352s] -- Symlinking: /home/gitmeriz/Desktop/Robotika/mobile_robot_alfa/install/mobile_robot_alfa/share/mobile_robot_alfa/cmake/mobile_robot_alfaConfig-version.cmake
[0.356s] -- Symlinking: /home/gitmeriz/Desktop/Robotika/mobile_robot_alfa/install/mobile_robot_alfa/share/mobile_robot_alfa/package.xml
[0.366s] Invoked command in '/home/gitmeriz/Desktop/Robotika/mobile_robot_alfa/build/mobile_robot_alfa' returned '0': CMAKE_PREFIX_PATH=/opt/ros/humble /usr/bin/cmake --install /home/gitmeriz/Desktop/Robotika/mobile_robot_alfa/build/mobile_robot_alfa
