[0.006s] Invoking command in '/home/gitmeriz/Desktop/Robotika/mobile_robot_alfa/build/mobile_robot_alfa': /usr/bin/cmake /home/gitmeriz/Desktop/Robotika/mobile_robot_alfa -DAMENT_CMAKE_SYMLINK_INSTALL=1 -DCMAKE_INSTALL_PREFIX=/home/gitmeriz/Desktop/Robotika/mobile_robot_alfa/install/mobile_robot_alfa
[0.018s] -- Configuring incomplete, errors occurred!
[0.018s] See also "/home/gitmeriz/Desktop/Robotika/mobile_robot_alfa/build/mobile_robot_alfa/CMakeFiles/CMakeOutput.log".
[0.018s] [31mCMake Error at CMakeLists.txt:19 (find_package):
[0.018s]   By not providing "Findament_cmake.cmake" in CMAKE_MODULE_PATH this project
[0.018s]   has asked CMake to find a package configuration file provided by
[0.018s]   "ament_cmake", but CMake did not find one.
[0.018s] 
[0.018s]   Could not find a package configuration file provided by "ament_cmake" with
[0.018s]   any of the following names:
[0.018s] 
[0.018s]     ament_cmakeConfig.cmake
[0.018s]     ament_cmake-config.cmake
[0.018s] 
[0.018s]   Add the installation prefix of "ament_cmake" to CMAKE_PREFIX_PATH or set
[0.018s]   "ament_cmake_DIR" to a directory containing one of the above files.  If
[0.018s]   "ament_cmake" provides a separate development package or SDK, be sure it
[0.018s]   has been installed.
[0.018s] 
[0.018s] [0m
[0.019s] Invoked command in '/home/gitmeriz/Desktop/Robotika/mobile_robot_alfa/build/mobile_robot_alfa' returned '1': /usr/bin/cmake /home/gitmeriz/Desktop/Robotika/mobile_robot_alfa -DAMENT_CMAKE_SYMLINK_INSTALL=1 -DCMAKE_INSTALL_PREFIX=/home/gitmeriz/Desktop/Robotika/mobile_robot_alfa/install/mobile_robot_alfa
