[0.005s] Invoking command in '/home/gitmeriz/Desktop/Robotika/mobile_robot_alfa/build/mobile_robot_alfa': /usr/bin/cmake /home/gitmeriz/Desktop/Robotika/mobile_robot_alfa -DAMENT_CMAKE_SYMLINK_INSTALL=1 -DCMAKE_INSTALL_PREFIX=/home/gitmeriz/Desktop/Robotika/mobile_robot_alfa/install/mobile_robot_alfa
[0.042s] -- The C compiler identification is GNU 11.3.0
[0.081s] -- The CXX compiler identification is GNU 11.3.0
[0.084s] -- Detecting C compiler ABI info
[0.145s] -- Detecting C compiler ABI info - done
[0.150s] -- Check for working C compiler: /usr/bin/cc - skipped
[0.151s] -- Detecting C compile features
[0.151s] -- Detecting C compile features - done
[0.154s] -- Detecting CXX compiler ABI info
[0.224s] -- Detecting CXX compiler ABI info - done
[0.228s] -- Check for working CXX compiler: /usr/bin/c++ - skipped
[0.228s] -- Detecting CXX compile features
[0.228s] -- Detecting CXX compile features - done
[0.234s] -- Configuring incomplete, errors occurred!
[0.234s] See also "/home/gitmeriz/Desktop/Robotika/mobile_robot_alfa/build/mobile_robot_alfa/CMakeFiles/CMakeOutput.log".
[0.234s] [31mCMake Error at CMakeLists.txt:19 (find_package):
[0.234s]   By not providing "Findament_cmake.cmake" in CMAKE_MODULE_PATH this project
[0.234s]   has asked CMake to find a package configuration file provided by
[0.234s]   "ament_cmake", but CMake did not find one.
[0.234s] 
[0.234s]   Could not find a package configuration file provided by "ament_cmake" with
[0.234s]   any of the following names:
[0.234s] 
[0.234s]     ament_cmakeConfig.cmake
[0.234s]     ament_cmake-config.cmake
[0.234s] 
[0.234s]   Add the installation prefix of "ament_cmake" to CMAKE_PREFIX_PATH or set
[0.234s]   "ament_cmake_DIR" to a directory containing one of the above files.  If
[0.234s]   "ament_cmake" provides a separate development package or SDK, be sure it
[0.234s]   has been installed.
[0.235s] 
[0.235s] [0m
[0.236s] Invoked command in '/home/gitmeriz/Desktop/Robotika/mobile_robot_alfa/build/mobile_robot_alfa' returned '1': /usr/bin/cmake /home/gitmeriz/Desktop/Robotika/mobile_robot_alfa -DAMENT_CMAKE_SYMLINK_INSTALL=1 -DCMAKE_INSTALL_PREFIX=/home/gitmeriz/Desktop/Robotika/mobile_robot_alfa/install/mobile_robot_alfa
