[0.199s] DEBUG:colcon:Command line arguments: ['/usr/bin/colcon', 'build', '--symlink-install']
[0.199s] DEBUG:colcon:Parsed command line arguments: Namespace(log_base=None, log_level=None, verb_name='build', build_base='build', install_base='install', merge_install=False, symlink_install=True, test_result_base=None, continue_on_error=False, executor='parallel', parallel_workers=16, event_handlers=None, ignore_user_meta=False, metas=['./colcon.meta'], base_paths=['.'], packages_ignore=None, packages_ignore_regex=None, paths=None, packages_up_to=None, packages_up_to_regex=None, packages_above=None, packages_above_and_dependencies=None, packages_above_depth=None, packages_select_by_dep=None, packages_skip_by_dep=None, packages_skip_up_to=None, packages_select_build_failed=False, packages_skip_build_finished=False, packages_select_test_failures=False, packages_skip_test_passed=False, packages_select=None, packages_skip=None, packages_select_regex=None, packages_skip_regex=None, packages_start=None, packages_end=None, allow_overriding=[], cmake_args=None, cmake_target=None, cmake_target_skip_unavailable=False, cmake_clean_cache=False, cmake_clean_first=False, cmake_force_configure=False, ament_cmake_args=None, catkin_cmake_args=None, catkin_skip_building_tests=False, verb_parser=<colcon_defaults.argument_parser.defaults.DefaultArgumentsDecorator object at 0x7f900e4274c0>, verb_extension=<colcon_core.verb.build.BuildVerb object at 0x7f900ec45930>, main=<bound method BuildVerb.main of <colcon_core.verb.build.BuildVerb object at 0x7f900ec45930>>)
[0.218s] Level 1:colcon.colcon_core.package_discovery:discover_packages(colcon_meta) check parameters
[0.219s] Level 1:colcon.colcon_core.package_discovery:discover_packages(recursive) check parameters
[0.219s] Level 1:colcon.colcon_core.package_discovery:discover_packages(ignore) check parameters
[0.219s] Level 1:colcon.colcon_core.package_discovery:discover_packages(path) check parameters
[0.219s] Level 1:colcon.colcon_core.package_discovery:discover_packages(colcon_meta) discover
[0.219s] Level 1:colcon.colcon_core.package_discovery:discover_packages(recursive) discover
[0.219s] INFO:colcon.colcon_core.package_discovery:Crawling recursively for packages in '/home/gitmeriz/Desktop/Robotika/mobile_robot_alfa'
[0.219s] Level 1:colcon.colcon_core.package_identification:_identify(.) by extensions ['ignore', 'ignore_ament_install']
[0.219s] Level 1:colcon.colcon_core.package_identification:_identify(.) by extension 'ignore'
[0.219s] Level 1:colcon.colcon_core.package_identification:_identify(.) by extension 'ignore_ament_install'
[0.219s] Level 1:colcon.colcon_core.package_identification:_identify(.) by extensions ['colcon_pkg']
[0.219s] Level 1:colcon.colcon_core.package_identification:_identify(.) by extension 'colcon_pkg'
[0.219s] Level 1:colcon.colcon_core.package_identification:_identify(.) by extensions ['colcon_meta']
[0.219s] Level 1:colcon.colcon_core.package_identification:_identify(.) by extension 'colcon_meta'
[0.219s] Level 1:colcon.colcon_core.package_identification:_identify(.) by extensions ['ros']
[0.219s] Level 1:colcon.colcon_core.package_identification:_identify(.) by extension 'ros'
[0.228s] DEBUG:colcon.colcon_core.package_identification:Package '.' with type 'ros.ament_cmake' and name 'mobile_robot_alfa'
[0.228s] Level 1:colcon.colcon_core.package_discovery:discover_packages(recursive) using defaults
[0.228s] Level 1:colcon.colcon_core.package_discovery:discover_packages(ignore) discover
[0.228s] Level 1:colcon.colcon_core.package_discovery:discover_packages(ignore) using defaults
[0.228s] Level 1:colcon.colcon_core.package_discovery:discover_packages(path) discover
[0.228s] Level 1:colcon.colcon_core.package_discovery:discover_packages(path) using defaults
[0.244s] Level 1:colcon.colcon_core.package_discovery:discover_packages(prefix_path) check parameters
[0.244s] Level 1:colcon.colcon_core.package_discovery:discover_packages(prefix_path) discover
[0.245s] DEBUG:colcon.colcon_installed_package_information.package_discovery:Found 1 installed packages in /home/gitmeriz/Desktop/Robotika/mobile_robot_alfa/install
[0.247s] DEBUG:colcon.colcon_installed_package_information.package_discovery:Found 271 installed packages in /opt/ros/humble
[0.248s] Level 1:colcon.colcon_core.package_discovery:discover_packages(prefix_path) using defaults
[0.284s] Level 5:colcon.colcon_core.verb:set package 'mobile_robot_alfa' build argument 'cmake_args' from command line to 'None'
[0.284s] Level 5:colcon.colcon_core.verb:set package 'mobile_robot_alfa' build argument 'cmake_target' from command line to 'None'
[0.284s] Level 5:colcon.colcon_core.verb:set package 'mobile_robot_alfa' build argument 'cmake_target_skip_unavailable' from command line to 'False'
[0.284s] Level 5:colcon.colcon_core.verb:set package 'mobile_robot_alfa' build argument 'cmake_clean_cache' from command line to 'False'
[0.284s] Level 5:colcon.colcon_core.verb:set package 'mobile_robot_alfa' build argument 'cmake_clean_first' from command line to 'False'
[0.284s] Level 5:colcon.colcon_core.verb:set package 'mobile_robot_alfa' build argument 'cmake_force_configure' from command line to 'False'
[0.284s] Level 5:colcon.colcon_core.verb:set package 'mobile_robot_alfa' build argument 'ament_cmake_args' from command line to 'None'
[0.284s] Level 5:colcon.colcon_core.verb:set package 'mobile_robot_alfa' build argument 'catkin_cmake_args' from command line to 'None'
[0.284s] Level 5:colcon.colcon_core.verb:set package 'mobile_robot_alfa' build argument 'catkin_skip_building_tests' from command line to 'False'
[0.284s] DEBUG:colcon.colcon_core.verb:Building package 'mobile_robot_alfa' with the following arguments: {'ament_cmake_args': None, 'build_base': '/home/gitmeriz/Desktop/Robotika/mobile_robot_alfa/build/mobile_robot_alfa', 'catkin_cmake_args': None, 'catkin_skip_building_tests': False, 'cmake_args': None, 'cmake_clean_cache': False, 'cmake_clean_first': False, 'cmake_force_configure': False, 'cmake_target': None, 'cmake_target_skip_unavailable': False, 'install_base': '/home/gitmeriz/Desktop/Robotika/mobile_robot_alfa/install/mobile_robot_alfa', 'merge_install': False, 'path': '/home/gitmeriz/Desktop/Robotika/mobile_robot_alfa', 'symlink_install': True, 'test_result_base': None}
[0.284s] INFO:colcon.colcon_core.executor:Executing jobs using 'parallel' executor
[0.286s] DEBUG:colcon.colcon_parallel_executor.executor.parallel:run_until_complete
[0.286s] INFO:colcon.colcon_ros.task.ament_cmake.build:Building ROS package in '/home/gitmeriz/Desktop/Robotika/mobile_robot_alfa' with build type 'ament_cmake'
[0.287s] INFO:colcon.colcon_cmake.task.cmake.build:Building CMake package in '/home/gitmeriz/Desktop/Robotika/mobile_robot_alfa'
[0.289s] INFO:colcon.colcon_core.plugin_system:Skipping extension 'colcon_core.shell.bat': Not used on non-Windows systems
[0.290s] INFO:colcon.colcon_core.shell:Skip shell extension 'powershell' for command environment: Not usable outside of PowerShell
[0.290s] DEBUG:colcon.colcon_core.shell:Skip shell extension 'dsv' for command environment
[0.296s] DEBUG:colcon.colcon_core.event_handler.log_command:Invoking command in '/home/gitmeriz/Desktop/Robotika/mobile_robot_alfa/build/mobile_robot_alfa': CMAKE_PREFIX_PATH=/opt/ros/humble /usr/bin/cmake /home/gitmeriz/Desktop/Robotika/mobile_robot_alfa -DAMENT_CMAKE_SYMLINK_INSTALL=1 -DCMAKE_INSTALL_PREFIX=/home/gitmeriz/Desktop/Robotika/mobile_robot_alfa/install/mobile_robot_alfa
[0.526s] DEBUG:colcon.colcon_core.event_handler.log_command:Invoked command in '/home/gitmeriz/Desktop/Robotika/mobile_robot_alfa/build/mobile_robot_alfa' returned '0': CMAKE_PREFIX_PATH=/opt/ros/humble /usr/bin/cmake /home/gitmeriz/Desktop/Robotika/mobile_robot_alfa -DAMENT_CMAKE_SYMLINK_INSTALL=1 -DCMAKE_INSTALL_PREFIX=/home/gitmeriz/Desktop/Robotika/mobile_robot_alfa/install/mobile_robot_alfa
[0.527s] DEBUG:colcon.colcon_core.event_handler.log_command:Invoking command in '/home/gitmeriz/Desktop/Robotika/mobile_robot_alfa/build/mobile_robot_alfa': CMAKE_PREFIX_PATH=/opt/ros/humble /usr/bin/cmake --build /home/gitmeriz/Desktop/Robotika/mobile_robot_alfa/build/mobile_robot_alfa -- -j16 -l16
[0.548s] DEBUG:colcon.colcon_core.event_handler.log_command:Invoked command in '/home/gitmeriz/Desktop/Robotika/mobile_robot_alfa/build/mobile_robot_alfa' returned '0': CMAKE_PREFIX_PATH=/opt/ros/humble /usr/bin/cmake --build /home/gitmeriz/Desktop/Robotika/mobile_robot_alfa/build/mobile_robot_alfa -- -j16 -l16
[0.564s] DEBUG:colcon.colcon_core.event_handler.log_command:Invoking command in '/home/gitmeriz/Desktop/Robotika/mobile_robot_alfa/build/mobile_robot_alfa': CMAKE_PREFIX_PATH=/opt/ros/humble /usr/bin/cmake --install /home/gitmeriz/Desktop/Robotika/mobile_robot_alfa/build/mobile_robot_alfa
[0.651s] Level 1:colcon.colcon_core.environment:create_environment_scripts_only(mobile_robot_alfa)
[0.652s] DEBUG:colcon.colcon_core.event_handler.log_command:Invoked command in '/home/gitmeriz/Desktop/Robotika/mobile_robot_alfa/build/mobile_robot_alfa' returned '0': CMAKE_PREFIX_PATH=/opt/ros/humble /usr/bin/cmake --install /home/gitmeriz/Desktop/Robotika/mobile_robot_alfa/build/mobile_robot_alfa
[0.657s] Level 1:colcon.colcon_core.environment:checking '/home/gitmeriz/Desktop/Robotika/mobile_robot_alfa/install/mobile_robot_alfa' for CMake module files
[0.657s] Level 1:colcon.colcon_core.environment:checking '/home/gitmeriz/Desktop/Robotika/mobile_robot_alfa/install/mobile_robot_alfa' for CMake config files
[0.657s] Level 1:colcon.colcon_core.shell:create_environment_hook('mobile_robot_alfa', 'cmake_prefix_path')
[0.658s] INFO:colcon.colcon_core.shell:Creating environment hook '/home/gitmeriz/Desktop/Robotika/mobile_robot_alfa/install/mobile_robot_alfa/share/mobile_robot_alfa/hook/cmake_prefix_path.ps1'
[0.659s] INFO:colcon.colcon_core.shell:Creating environment descriptor '/home/gitmeriz/Desktop/Robotika/mobile_robot_alfa/install/mobile_robot_alfa/share/mobile_robot_alfa/hook/cmake_prefix_path.dsv'
[0.660s] INFO:colcon.colcon_core.shell:Creating environment hook '/home/gitmeriz/Desktop/Robotika/mobile_robot_alfa/install/mobile_robot_alfa/share/mobile_robot_alfa/hook/cmake_prefix_path.sh'
[0.661s] Level 1:colcon.colcon_core.environment:checking '/home/gitmeriz/Desktop/Robotika/mobile_robot_alfa/install/mobile_robot_alfa/bin'
[0.661s] Level 1:colcon.colcon_core.environment:checking '/home/gitmeriz/Desktop/Robotika/mobile_robot_alfa/install/mobile_robot_alfa/lib/pkgconfig/mobile_robot_alfa.pc'
[0.661s] Level 1:colcon.colcon_core.environment:checking '/home/gitmeriz/Desktop/Robotika/mobile_robot_alfa/install/mobile_robot_alfa/lib/python3.10/site-packages'
[0.661s] Level 1:colcon.colcon_core.environment:checking '/home/gitmeriz/Desktop/Robotika/mobile_robot_alfa/install/mobile_robot_alfa/bin'
[0.663s] INFO:colcon.colcon_core.shell:Creating package script '/home/gitmeriz/Desktop/Robotika/mobile_robot_alfa/install/mobile_robot_alfa/share/mobile_robot_alfa/package.ps1'
[0.663s] INFO:colcon.colcon_core.shell:Creating package descriptor '/home/gitmeriz/Desktop/Robotika/mobile_robot_alfa/install/mobile_robot_alfa/share/mobile_robot_alfa/package.dsv'
[0.664s] INFO:colcon.colcon_core.shell:Creating package script '/home/gitmeriz/Desktop/Robotika/mobile_robot_alfa/install/mobile_robot_alfa/share/mobile_robot_alfa/package.sh'
[0.664s] INFO:colcon.colcon_core.shell:Creating package script '/home/gitmeriz/Desktop/Robotika/mobile_robot_alfa/install/mobile_robot_alfa/share/mobile_robot_alfa/package.bash'
[0.665s] INFO:colcon.colcon_core.shell:Creating package script '/home/gitmeriz/Desktop/Robotika/mobile_robot_alfa/install/mobile_robot_alfa/share/mobile_robot_alfa/package.zsh'
[0.666s] Level 1:colcon.colcon_core.environment:create_file_with_runtime_dependencies(/home/gitmeriz/Desktop/Robotika/mobile_robot_alfa/install/mobile_robot_alfa/share/colcon-core/packages/mobile_robot_alfa)
[0.679s] Level 1:colcon.colcon_core.environment:create_environment_scripts_only(mobile_robot_alfa)
[0.680s] Level 1:colcon.colcon_core.environment:checking '/home/gitmeriz/Desktop/Robotika/mobile_robot_alfa/install/mobile_robot_alfa' for CMake module files
[0.680s] Level 1:colcon.colcon_core.environment:checking '/home/gitmeriz/Desktop/Robotika/mobile_robot_alfa/install/mobile_robot_alfa' for CMake config files
[0.680s] Level 1:colcon.colcon_core.shell:create_environment_hook('mobile_robot_alfa', 'cmake_prefix_path')
[0.681s] INFO:colcon.colcon_core.shell:Creating environment hook '/home/gitmeriz/Desktop/Robotika/mobile_robot_alfa/install/mobile_robot_alfa/share/mobile_robot_alfa/hook/cmake_prefix_path.ps1'
[0.681s] INFO:colcon.colcon_core.shell:Creating environment descriptor '/home/gitmeriz/Desktop/Robotika/mobile_robot_alfa/install/mobile_robot_alfa/share/mobile_robot_alfa/hook/cmake_prefix_path.dsv'
[0.682s] INFO:colcon.colcon_core.shell:Creating environment hook '/home/gitmeriz/Desktop/Robotika/mobile_robot_alfa/install/mobile_robot_alfa/share/mobile_robot_alfa/hook/cmake_prefix_path.sh'
[0.682s] Level 1:colcon.colcon_core.environment:checking '/home/gitmeriz/Desktop/Robotika/mobile_robot_alfa/install/mobile_robot_alfa/bin'
[0.682s] Level 1:colcon.colcon_core.environment:checking '/home/gitmeriz/Desktop/Robotika/mobile_robot_alfa/install/mobile_robot_alfa/lib/pkgconfig/mobile_robot_alfa.pc'
[0.682s] Level 1:colcon.colcon_core.environment:checking '/home/gitmeriz/Desktop/Robotika/mobile_robot_alfa/install/mobile_robot_alfa/lib/python3.10/site-packages'
[0.682s] Level 1:colcon.colcon_core.environment:checking '/home/gitmeriz/Desktop/Robotika/mobile_robot_alfa/install/mobile_robot_alfa/bin'
[0.683s] INFO:colcon.colcon_core.shell:Creating package script '/home/gitmeriz/Desktop/Robotika/mobile_robot_alfa/install/mobile_robot_alfa/share/mobile_robot_alfa/package.ps1'
[0.683s] INFO:colcon.colcon_core.shell:Creating package descriptor '/home/gitmeriz/Desktop/Robotika/mobile_robot_alfa/install/mobile_robot_alfa/share/mobile_robot_alfa/package.dsv'
[0.683s] INFO:colcon.colcon_core.shell:Creating package script '/home/gitmeriz/Desktop/Robotika/mobile_robot_alfa/install/mobile_robot_alfa/share/mobile_robot_alfa/package.sh'
[0.684s] INFO:colcon.colcon_core.shell:Creating package script '/home/gitmeriz/Desktop/Robotika/mobile_robot_alfa/install/mobile_robot_alfa/share/mobile_robot_alfa/package.bash'
[0.684s] INFO:colcon.colcon_core.shell:Creating package script '/home/gitmeriz/Desktop/Robotika/mobile_robot_alfa/install/mobile_robot_alfa/share/mobile_robot_alfa/package.zsh'
[0.684s] Level 1:colcon.colcon_core.environment:create_file_with_runtime_dependencies(/home/gitmeriz/Desktop/Robotika/mobile_robot_alfa/install/mobile_robot_alfa/share/colcon-core/packages/mobile_robot_alfa)
[0.684s] DEBUG:colcon.colcon_parallel_executor.executor.parallel:closing loop
[0.684s] DEBUG:colcon.colcon_parallel_executor.executor.parallel:loop closed
[0.684s] DEBUG:colcon.colcon_parallel_executor.executor.parallel:run_until_complete finished with '0'
[0.684s] DEBUG:colcon.colcon_core.event_reactor:joining thread
[0.687s] INFO:colcon.colcon_core.plugin_system:Skipping extension 'colcon_notification.desktop_notification.terminal_notifier': Not used on non-Darwin systems
[0.687s] INFO:colcon.colcon_core.plugin_system:Skipping extension 'colcon_notification.desktop_notification.win32': Not used on non-Windows systems
[0.688s] INFO:colcon.colcon_notification.desktop_notification:Sending desktop notification using 'notify2'
[0.696s] DEBUG:colcon.colcon_core.event_reactor:joined thread
[0.697s] INFO:colcon.colcon_core.shell:Creating prefix script '/home/gitmeriz/Desktop/Robotika/mobile_robot_alfa/install/local_setup.ps1'
[0.697s] INFO:colcon.colcon_core.shell:Creating prefix util module '/home/gitmeriz/Desktop/Robotika/mobile_robot_alfa/install/_local_setup_util_ps1.py'
[0.698s] INFO:colcon.colcon_core.shell:Creating prefix chain script '/home/gitmeriz/Desktop/Robotika/mobile_robot_alfa/install/setup.ps1'
[0.699s] INFO:colcon.colcon_core.shell:Creating prefix script '/home/gitmeriz/Desktop/Robotika/mobile_robot_alfa/install/local_setup.sh'
[0.699s] INFO:colcon.colcon_core.shell:Creating prefix util module '/home/gitmeriz/Desktop/Robotika/mobile_robot_alfa/install/_local_setup_util_sh.py'
[0.700s] INFO:colcon.colcon_core.shell:Creating prefix chain script '/home/gitmeriz/Desktop/Robotika/mobile_robot_alfa/install/setup.sh'
[0.701s] INFO:colcon.colcon_core.shell:Creating prefix script '/home/gitmeriz/Desktop/Robotika/mobile_robot_alfa/install/local_setup.bash'
[0.701s] INFO:colcon.colcon_core.shell:Creating prefix chain script '/home/gitmeriz/Desktop/Robotika/mobile_robot_alfa/install/setup.bash'
[0.702s] INFO:colcon.colcon_core.shell:Creating prefix script '/home/gitmeriz/Desktop/Robotika/mobile_robot_alfa/install/local_setup.zsh'
[0.702s] INFO:colcon.colcon_core.shell:Creating prefix chain script '/home/gitmeriz/Desktop/Robotika/mobile_robot_alfa/install/setup.zsh'
