[0.008s] Invoking command in '/home/gitmeriz/Desktop/Robotika/mobile_robot_alfa/build/mobile_robot_alfa': CMAKE_PREFIX_PATH=${CMAKE_PREFIX_PATH}:/opt/ros/humble /usr/bin/cmake --build /home/gitmeriz/Desktop/Robotika/mobile_robot_alfa/build/mobile_robot_alfa -- -j16 -l16
[0.033s] Invoked command in '/home/gitmeriz/Desktop/Robotika/mobile_robot_alfa/build/mobile_robot_alfa' returned '0': CMAKE_PREFIX_PATH=${CMAKE_PREFIX_PATH}:/opt/ros/humble /usr/bin/cmake --build /home/gitmeriz/Desktop/Robotika/mobile_robot_alfa/build/mobile_robot_alfa -- -j16 -l16
[0.048s] Invoking command in '/home/gitmeriz/Desktop/Robotika/mobile_robot_alfa/build/mobile_robot_alfa': CMAKE_PREFIX_PATH=${CMAKE_PREFIX_PATH}:/opt/ros/humble /usr/bin/cmake --install /home/gitmeriz/Desktop/Robotika/mobile_robot_alfa/build/mobile_robot_alfa
[0.051s] -- Install configuration: ""
[0.052s] -- Execute custom install script
[0.052s] -- Up-to-date symlink: /home/gitmeriz/Desktop/Robotika/mobile_robot_alfa/install/mobile_robot_alfa/share/mobile_robot_alfa/config/empty.yaml
[0.052s] -- Up-to-date symlink: /home/gitmeriz/Desktop/Robotika/mobile_robot_alfa/install/mobile_robot_alfa/share/mobile_robot_alfa/description/robot.urdf.xacro
[0.052s] -- Up-to-date symlink: /home/gitmeriz/Desktop/Robotika/mobile_robot_alfa/install/mobile_robot_alfa/share/mobile_robot_alfa/description/robot_core.xacro
[0.052s] -- Up-to-date symlink: /home/gitmeriz/Desktop/Robotika/mobile_robot_alfa/install/mobile_robot_alfa/share/mobile_robot_alfa/launch/rsp.launch.py
[0.052s] -- Up-to-date symlink: /home/gitmeriz/Desktop/Robotika/mobile_robot_alfa/install/mobile_robot_alfa/share/mobile_robot_alfa/worlds/empty.world
[0.052s] -- Up-to-date symlink: /home/gitmeriz/Desktop/Robotika/mobile_robot_alfa/install/mobile_robot_alfa/share/ament_index/resource_index/package_run_dependencies/mobile_robot_alfa
[0.052s] -- Up-to-date symlink: /home/gitmeriz/Desktop/Robotika/mobile_robot_alfa/install/mobile_robot_alfa/share/ament_index/resource_index/parent_prefix_path/mobile_robot_alfa
[0.052s] -- Up-to-date symlink: /home/gitmeriz/Desktop/Robotika/mobile_robot_alfa/install/mobile_robot_alfa/share/mobile_robot_alfa/environment/ament_prefix_path.sh
[0.052s] -- Up-to-date symlink: /home/gitmeriz/Desktop/Robotika/mobile_robot_alfa/install/mobile_robot_alfa/share/mobile_robot_alfa/environment/ament_prefix_path.dsv
[0.052s] -- Up-to-date symlink: /home/gitmeriz/Desktop/Robotika/mobile_robot_alfa/install/mobile_robot_alfa/share/mobile_robot_alfa/environment/path.sh
[0.053s] -- Up-to-date symlink: /home/gitmeriz/Desktop/Robotika/mobile_robot_alfa/install/mobile_robot_alfa/share/mobile_robot_alfa/environment/path.dsv
[0.053s] -- Up-to-date symlink: /home/gitmeriz/Desktop/Robotika/mobile_robot_alfa/install/mobile_robot_alfa/share/mobile_robot_alfa/local_setup.bash
[0.053s] -- Up-to-date symlink: /home/gitmeriz/Desktop/Robotika/mobile_robot_alfa/install/mobile_robot_alfa/share/mobile_robot_alfa/local_setup.sh
[0.053s] -- Up-to-date symlink: /home/gitmeriz/Desktop/Robotika/mobile_robot_alfa/install/mobile_robot_alfa/share/mobile_robot_alfa/local_setup.zsh
[0.053s] -- Up-to-date symlink: /home/gitmeriz/Desktop/Robotika/mobile_robot_alfa/install/mobile_robot_alfa/share/mobile_robot_alfa/local_setup.dsv
[0.053s] -- Symlinking: /home/gitmeriz/Desktop/Robotika/mobile_robot_alfa/install/mobile_robot_alfa/share/mobile_robot_alfa/package.dsv
[0.057s] -- Up-to-date symlink: /home/gitmeriz/Desktop/Robotika/mobile_robot_alfa/install/mobile_robot_alfa/share/ament_index/resource_index/packages/mobile_robot_alfa
[0.057s] -- Up-to-date symlink: /home/gitmeriz/Desktop/Robotika/mobile_robot_alfa/install/mobile_robot_alfa/share/mobile_robot_alfa/cmake/mobile_robot_alfaConfig.cmake
[0.057s] -- Up-to-date symlink: /home/gitmeriz/Desktop/Robotika/mobile_robot_alfa/install/mobile_robot_alfa/share/mobile_robot_alfa/cmake/mobile_robot_alfaConfig-version.cmake
[0.057s] -- Up-to-date symlink: /home/gitmeriz/Desktop/Robotika/mobile_robot_alfa/install/mobile_robot_alfa/share/mobile_robot_alfa/package.xml
[0.059s] Invoked command in '/home/gitmeriz/Desktop/Robotika/mobile_robot_alfa/build/mobile_robot_alfa' returned '0': CMAKE_PREFIX_PATH=${CMAKE_PREFIX_PATH}:/opt/ros/humble /usr/bin/cmake --install /home/gitmeriz/Desktop/Robotika/mobile_robot_alfa/build/mobile_robot_alfa
